SF:lib/features/apod_nasa/data/models/astronomy_picture_model.dart
DA:6,3
DA:17,1
DA:18,1
DA:19,1
DA:20,1
DA:21,1
DA:22,1
DA:23,1
DA:24,1
DA:25,1
DA:26,1
DA:30,2
DA:31,2
DA:32,2
DA:33,2
DA:34,2
DA:35,2
DA:36,2
DA:37,2
DA:38,2
DA:39,2
DA:43,3
DA:45,1
DA:46,2
LF:24
LH:24
end_of_record
SF:lib/core/resources/data_state.dart
DA:7,1
DA:11,2
DA:15,1
DA:16,1
LF:4
LH:4
end_of_record
SF:lib/features/apod_nasa/data/data_source/astronomy_picture_api_service.dart
DA:5,1
DA:7,1
DA:8,1
DA:9,1
LF:4
LH:4
end_of_record
SF:lib/features/apod_nasa/domain/entities/astronomy_picture_entity.dart
DA:10,3
LF:1
LH:1
end_of_record
SF:lib/features/apod_nasa/data/repository/astronomy_picture_repository_impl.dart
DA:12,1
DA:14,1
DA:20,2
DA:22,2
DA:23,2
DA:25,3
DA:26,1
DA:27,1
DA:29,1
LF:9
LH:9
end_of_record
